0 info it worked if it ends with ok
1 verbose cli [ '/usr/local/bin/node',
1 verbose cli   '/usr/local/bin/npm',
1 verbose cli   'install',
1 verbose cli   'AWS.FileSystemCredentials' ]
2 info using npm@2.15.1
3 info using node@v4.4.4
4 verbose install initial load of /Users/liampalmer/giddit/package.json
5 warn package.json giddit@0.0.3 No license field.
6 verbose installManyTop reading scoped package data from /Users/liampalmer/giddit/node_modules/aws-sdk/package.json
7 verbose installManyTop reading scoped package data from /Users/liampalmer/giddit/node_modules/browserify/package.json
8 verbose installManyTop reading scoped package data from /Users/liampalmer/giddit/node_modules/classnames/package.json
9 verbose installManyTop reading scoped package data from /Users/liampalmer/giddit/node_modules/envify/package.json
10 verbose installManyTop reading scoped package data from /Users/liampalmer/giddit/node_modules/flux/package.json
11 verbose installManyTop reading scoped package data from /Users/liampalmer/giddit/node_modules/jest-cli/package.json
12 verbose installManyTop reading scoped package data from /Users/liampalmer/giddit/node_modules/keymirror/package.json
13 verbose installManyTop reading scoped package data from /Users/liampalmer/giddit/node_modules/object-assign/package.json
14 verbose installManyTop reading scoped package data from /Users/liampalmer/giddit/node_modules/react/package.json
15 verbose installManyTop reading scoped package data from /Users/liampalmer/giddit/node_modules/react-bootstrap/package.json
16 verbose installManyTop reading scoped package data from /Users/liampalmer/giddit/node_modules/react-dom/package.json
17 verbose installManyTop reading scoped package data from /Users/liampalmer/giddit/node_modules/reactify/package.json
18 verbose installManyTop reading scoped package data from /Users/liampalmer/giddit/node_modules/uglify-js/package.json
19 verbose installManyTop reading scoped package data from /Users/liampalmer/giddit/node_modules/watchify/package.json
20 info package.json keymirror@0.1.1 No license field.
21 info package.json uglify-js@2.4.24 license should be a valid SPDX license expression
22 verbose readDependencies loading dependencies from /Users/liampalmer/giddit/package.json
23 silly cache add args [ 'AWS.FileSystemCredentials', null ]
24 verbose cache add spec AWS.FileSystemCredentials
25 silly cache add parsed spec Result {
25 silly cache add   raw: 'AWS.FileSystemCredentials',
25 silly cache add   scope: null,
25 silly cache add   name: 'AWS.FileSystemCredentials',
25 silly cache add   rawSpec: '',
25 silly cache add   spec: 'latest',
25 silly cache add   type: 'tag' }
26 silly addNamed AWS.FileSystemCredentials@latest
27 verbose addNamed "latest" is being treated as a dist-tag for AWS.FileSystemCredentials
28 info addNameTag [ 'AWS.FileSystemCredentials', 'latest' ]
29 silly mapToRegistry name AWS.FileSystemCredentials
30 silly mapToRegistry using default registry
31 silly mapToRegistry registry https://registry.npmjs.org/
32 silly mapToRegistry data Result {
32 silly mapToRegistry   raw: 'AWS.FileSystemCredentials',
32 silly mapToRegistry   scope: null,
32 silly mapToRegistry   name: 'AWS.FileSystemCredentials',
32 silly mapToRegistry   rawSpec: '',
32 silly mapToRegistry   spec: 'latest',
32 silly mapToRegistry   type: 'tag' }
33 silly mapToRegistry uri https://registry.npmjs.org/AWS.FileSystemCredentials
34 verbose addNameTag registry:https://registry.npmjs.org/AWS.FileSystemCredentials not in flight; fetching
35 verbose request uri https://registry.npmjs.org/AWS.FileSystemCredentials
36 verbose request no auth needed
37 info attempt registry request try #1 at 11:25:11 AM
38 verbose request id 9bbbf63d187c9bdc
39 http request GET https://registry.npmjs.org/AWS.FileSystemCredentials
40 http 404 https://registry.npmjs.org/AWS.FileSystemCredentials
41 verbose headers { 'content-type': 'application/json',
41 verbose headers   'cache-control': 'max-age=0',
41 verbose headers   'content-length': '2',
41 verbose headers   'accept-ranges': 'bytes',
41 verbose headers   date: 'Sat, 05 Nov 2016 15:25:11 GMT',
41 verbose headers   via: '1.1 varnish',
41 verbose headers   age: '0',
41 verbose headers   connection: 'keep-alive',
41 verbose headers   'x-served-by': 'cache-jfk8133-JFK',
41 verbose headers   'x-cache': 'MISS',
41 verbose headers   'x-cache-hits': '0',
41 verbose headers   'x-timer': 'S1478359511.275822,VS0,VE346',
41 verbose headers   vary: 'Accept-Encoding' }
42 silly get cb [ 404,
42 silly get   { 'content-type': 'application/json',
42 silly get     'cache-control': 'max-age=0',
42 silly get     'content-length': '2',
42 silly get     'accept-ranges': 'bytes',
42 silly get     date: 'Sat, 05 Nov 2016 15:25:11 GMT',
42 silly get     via: '1.1 varnish',
42 silly get     age: '0',
42 silly get     connection: 'keep-alive',
42 silly get     'x-served-by': 'cache-jfk8133-JFK',
42 silly get     'x-cache': 'MISS',
42 silly get     'x-cache-hits': '0',
42 silly get     'x-timer': 'S1478359511.275822,VS0,VE346',
42 silly get     vary: 'Accept-Encoding' } ]
43 verbose stack Error: Registry returned 404 for GET on https://registry.npmjs.org/AWS.FileSystemCredentials
43 verbose stack     at makeError (/usr/local/lib/node_modules/npm/node_modules/npm-registry-client/lib/request.js:264:12)
43 verbose stack     at CachingRegistryClient.<anonymous> (/usr/local/lib/node_modules/npm/node_modules/npm-registry-client/lib/request.js:242:14)
43 verbose stack     at Request._callback (/usr/local/lib/node_modules/npm/node_modules/npm-registry-client/lib/request.js:172:14)
43 verbose stack     at Request.self.callback (/usr/local/lib/node_modules/npm/node_modules/request/request.js:199:22)
43 verbose stack     at emitTwo (events.js:87:13)
43 verbose stack     at Request.emit (events.js:172:7)
43 verbose stack     at Request.<anonymous> (/usr/local/lib/node_modules/npm/node_modules/request/request.js:1036:10)
43 verbose stack     at emitOne (events.js:82:20)
43 verbose stack     at Request.emit (events.js:169:7)
43 verbose stack     at IncomingMessage.<anonymous> (/usr/local/lib/node_modules/npm/node_modules/request/request.js:963:12)
44 verbose statusCode 404
45 verbose pkgid AWS.FileSystemCredentials
46 verbose cwd /Users/liampalmer/giddit
47 error Darwin 14.5.0
48 error argv "/usr/local/bin/node" "/usr/local/bin/npm" "install" "AWS.FileSystemCredentials"
49 error node v4.4.4
50 error npm  v2.15.1
51 error code E404
52 error 404 Registry returned 404 for GET on https://registry.npmjs.org/AWS.FileSystemCredentials
52 error 404
52 error 404 'AWS.FileSystemCredentials' is not in the npm registry.
52 error 404 Your package name is not valid, because
52 error 404
52 error 404  1. name can no longer contain capital letters
52 error 404 It was specified as a dependency of 'giddit'
52 error 404
52 error 404 Note that you can also install from a
52 error 404 tarball, folder, http url, or git url.
53 verbose exit [ 1, true ]
